<?xml version="1.0" encoding="UTF-8"?>
<!-- Generated by org.testng.reporters.JUnitXMLReporter -->
<testsuite hostname="user-PC" name="AddMedicationEveryOtherDay" tests="1" failures="1" timestamp="10 Mar 2015 14:16:49 GMT" time="313.166" errors="0">
  <testcase name="testAddMedicationEveryOtherDay" time="313.153" classname="com.iCM.scripts.AddMedicationEveryOtherDay">
    <failure type="java.lang.AssertionError" message="Element Locator ://*[@id=&amp;apos;administeredlogtbl&amp;apos;]/tbody/tr[1]/td[33] Not found expected [true] but found [false]">
      <![CDATA[java.lang.AssertionError: Element Locator ://*[@id='administeredlogtbl']/tbody/tr[1]/td[33] Not found expected [true] but found [false]
	at com.iCM.util.DriverHelper.getAttribute(DriverHelper.java:320)
	at com.iCM.pagehelper.EChartHelper.verifyBlackOutOtherDay(EChartHelper.java:353)
	at com.iCM.scripts.AddMedicationEveryOtherDay.testAddMedicationEveryOtherDay(AddMedicationEveryOtherDay.java:297)
... Removed 27 stack frames]]>
    </failure>
  </testcase> <!-- testAddMedicationEveryOtherDay -->
</testsuite> <!-- AddMedicationEveryOtherDay -->
