<?xml version="1.0" encoding="UTF-8"?>
<!-- Generated by org.testng.reporters.JUnitXMLReporter -->
<testsuite hostname="user-PC" name="EMRAdministerMAR" tests="1" failures="1" timestamp="14 Mar 2015 12:07:10 GMT" time="69.672" errors="0">
  <testcase name="testEMRAdministerMAR" time="69.632" classname="com.iCM.scripts.EMRAdministerMAR">
    <failure type="java.lang.AssertionError" message="Page title is: iCM - Home but expected is: Administer Medication expected [true] but found [false]">
      <![CDATA[java.lang.AssertionError: Page title is: iCM - Home but expected is: Administer Medication expected [true] but found [false]
	at com.iCM.pagehelper.LoginHelper.verifyTitle(LoginHelper.java:23)
	at com.iCM.scripts.EMRAdministerMAR.testEMRAdministerMAR(EMRAdministerMAR.java:62)
... Removed 27 stack frames]]>
    </failure>
  </testcase> <!-- testEMRAdministerMAR -->
</testsuite> <!-- EMRAdministerMAR -->
