<?xml version="1.0" encoding="UTF-8"?>
<!-- Generated by org.testng.reporters.JUnitXMLReporter -->
<testsuite hostname="user-PC" name="EMRAdminLate" tests="1" failures="1" timestamp="10 Mar 2015 14:43:45 GMT" time="264.428" errors="0">
  <testcase name="testEMRAdminLate" time="264.414" classname="com.iCM.scripts.EMRAdminLate">
    <failure type="java.lang.AssertionError" message="expected [true] but found [false]">
      <![CDATA[java.lang.AssertionError: expected [true] but found [false]
	at com.iCM.pagehelper.EMRHelper.verifyCurrentDateTime(EMRHelper.java:124)
	at com.iCM.scripts.EMRAdminLate.testEMRAdminLate(EMRAdminLate.java:304)
... Removed 28 stack frames]]>
    </failure>
  </testcase> <!-- testEMRAdminLate -->
</testsuite> <!-- EMRAdminLate -->
