<?xml version="1.0" encoding="UTF-8"?>
<!-- Generated by org.testng.reporters.JUnitXMLReporter -->
<testsuite hostname="user-PC" name="EMRAdminLate" tests="1" failures="1" timestamp="14 Mar 2015 11:44:16 GMT" time="159.4" errors="0">
  <testcase name="testEMRAdminLate" time="159.39" classname="com.iCM.scripts.EMRAdminLate">
    <failure type="java.lang.AssertionError" message="Element Locator ://*[@id=&amp;apos;DataTables_Table_0_filter&amp;apos;]/label/input Not found expected [true] but found [false]">
      <![CDATA[java.lang.AssertionError: Element Locator ://*[@id='DataTables_Table_0_filter']/label/input Not found expected [true] but found [false]
	at com.iCM.util.DriverHelper.sendKeys(DriverHelper.java:254)
	at com.iCM.pagehelper.ResidentHelper.type(ResidentHelper.java:27)
	at com.iCM.scripts.EMRAdminLate.testEMRAdminLate(EMRAdminLate.java:161)
... Removed 27 stack frames]]>
    </failure>
  </testcase> <!-- testEMRAdminLate -->
</testsuite> <!-- EMRAdminLate -->
