<?xml version="1.0" encoding="UTF-8"?>
<!-- Generated by org.testng.reporters.JUnitXMLReporter -->
<testsuite hostname="user-PC" name="EMRAdminResidentHold" tests="1" failures="1" timestamp="14 Mar 2015 11:49:42 GMT" time="148.787" errors="0">
  <testcase name="testEMRAdminResidentHold" time="148.776" classname="com.iCM.scripts.EMRAdminResidentHold">
    <failure type="java.lang.AssertionError" message="Element Locator ://*[@id=&amp;apos;DataTables_Table_0_filter&amp;apos;]/label/input Not found expected [true] but found [false]">
      <![CDATA[java.lang.AssertionError: Element Locator ://*[@id='DataTables_Table_0_filter']/label/input Not found expected [true] but found [false]
	at com.iCM.util.DriverHelper.sendKeys(DriverHelper.java:254)
	at com.iCM.pagehelper.ResidentHelper.type(ResidentHelper.java:27)
	at com.iCM.scripts.EMRAdminResidentHold.testEMRAdminResidentHold(EMRAdminResidentHold.java:161)
... Removed 27 stack frames]]>
    </failure>
  </testcase> <!-- testEMRAdminResidentHold -->
</testsuite> <!-- EMRAdminResidentHold -->
