<?xml version="1.0" encoding="UTF-8"?>
<!-- Generated by org.testng.reporters.JUnitXMLReporter -->
<testsuite hostname="user-PC" name="EMRAdminResidentHold" tests="1" failures="1" timestamp="11 Mar 2015 12:53:38 GMT" time="107.291" errors="0">
  <testcase name="testEMRAdminResidentHold" time="107.281" classname="com.iCM.scripts.EMRAdminResidentHold">
    <failure type="java.lang.AssertionError" message="Element Locator :id=txt_FirstName Not found expected [true] but found [false]">
      <![CDATA[java.lang.AssertionError: Element Locator :id=txt_FirstName Not found expected [true] but found [false]
	at com.iCM.util.DriverHelper.sendKeys(DriverHelper.java:254)
	at com.iCM.pagehelper.ResidentHelper.type(ResidentHelper.java:27)
	at com.iCM.scripts.EMRAdminResidentHold.testEMRAdminResidentHold(EMRAdminResidentHold.java:70)
... Removed 27 stack frames]]>
    </failure>
  </testcase> <!-- testEMRAdminResidentHold -->
</testsuite> <!-- EMRAdminResidentHold -->
