<?xml version="1.0" encoding="UTF-8"?>
<!-- Generated by org.testng.reporters.JUnitXMLReporter -->
<testsuite hostname="user-PC" name="EditTask" tests="1" failures="1" timestamp="14 Mar 2015 11:28:56 GMT" time="209.403" errors="0">
  <testcase name="testEditTask" time="209.393" classname="com.iCM.scripts.EditTask">
    <failure type="java.lang.AssertionError" message="Element Locator ://*[@id=&amp;apos;DataTables_Table_0_filter&amp;apos;]/label/input Not found expected [true] but found [false]">
      <![CDATA[java.lang.AssertionError: Element Locator ://*[@id='DataTables_Table_0_filter']/label/input Not found expected [true] but found [false]
	at com.iCM.util.DriverHelper.sendKeys(DriverHelper.java:254)
	at com.iCM.pagehelper.TaskHelper.type(TaskHelper.java:57)
	at com.iCM.scripts.EditTask.testEditTask(EditTask.java:176)
... Removed 27 stack frames]]>
    </failure>
  </testcase> <!-- testEditTask -->
</testsuite> <!-- EditTask -->
