<?xml version="1.0" encoding="UTF-8"?>
<!-- Generated by org.testng.reporters.JUnitXMLReporter -->
<testsuite hostname="user-PC" name="AddMedicationEvery4thDay" tests="1" failures="1" timestamp="10 Mar 2015 13:58:37 GMT" time="339.993" errors="0">
  <testcase name="testAddMedicationEvery4thDay" time="339.979" classname="com.iCM.scripts.AddMedicationEvery4thDay">
    <failure type="java.lang.AssertionError" message="Element Locator ://*[@id=&amp;apos;administeredlogtbl&amp;apos;]/tbody/tr[1]/td[33] Not found expected [true] but found [false]">
      <![CDATA[java.lang.AssertionError: Element Locator ://*[@id='administeredlogtbl']/tbody/tr[1]/td[33] Not found expected [true] but found [false]
	at com.iCM.util.DriverHelper.getAttribute(DriverHelper.java:320)
	at com.iCM.pagehelper.EChartHelper.verifyBlackOutOtherDay(EChartHelper.java:353)
	at com.iCM.scripts.AddMedicationEvery4thDay.testAddMedicationEvery4thDay(AddMedicationEvery4thDay.java:294)
... Removed 27 stack frames]]>
    </failure>
  </testcase> <!-- testAddMedicationEvery4thDay -->
</testsuite> <!-- AddMedicationEvery4thDay -->
