<?xml version="1.0" encoding="UTF-8"?>
<!-- Generated by org.testng.reporters.JUnitXMLReporter -->
<testsuite hostname="user-PC" name="AddMedicationEvery3rdDay" tests="1" failures="1" timestamp="11 Mar 2015 11:47:58 GMT" time="317.491" errors="0">
  <testcase name="testAddMedicationEvery3rdDay" time="317.481" classname="com.iCM.scripts.AddMedicationEvery3rdDay">
    <failure type="java.lang.AssertionError" message="Element Locator ://*[@id=&amp;apos;administeredlogtbl&amp;apos;]/tbody/tr[1]/td[33] Not found expected [true] but found [false]">
      <![CDATA[java.lang.AssertionError: Element Locator ://*[@id='administeredlogtbl']/tbody/tr[1]/td[33] Not found expected [true] but found [false]
	at com.iCM.util.DriverHelper.getAttribute(DriverHelper.java:314)
	at com.iCM.pagehelper.EChartHelper.verifyBlackOutOtherDay(EChartHelper.java:353)
	at com.iCM.scripts.AddMedicationEvery3rdDay.testAddMedicationEvery3rdDay(AddMedicationEvery3rdDay.java:294)
... Removed 27 stack frames]]>
    </failure>
  </testcase> <!-- testAddMedicationEvery3rdDay -->
</testsuite> <!-- AddMedicationEvery3rdDay -->
