<?xml version="1.0" encoding="UTF-8"?>
<!-- Generated by org.testng.reporters.JUnitXMLReporter -->
<testsuite hostname="user-PC" name="AddMedicationEvery10thDay" tests="1" failures="1" timestamp="11 Mar 2015 11:37:30 GMT" time="185.251" errors="0">
  <testcase name="testAddMedicationEvery10thDay" time="185.241" classname="com.iCM.scripts.AddMedicationEvery10thDay">
    <failure type="java.lang.AssertionError" message="Element Locator ://*[@class=&amp;apos;btn btn-success&amp;apos;] Not found expected [true] but found [false]">
      <![CDATA[java.lang.AssertionError: Element Locator ://*[@class='btn btn-success'] Not found expected [true] but found [false]
	at com.iCM.util.DriverHelper.clickOn(DriverHelper.java:245)
	at com.iCM.pagehelper.EChartHelper.click(EChartHelper.java:49)
	at com.iCM.scripts.AddMedicationEvery10thDay.testAddMedicationEvery10thDay(AddMedicationEvery10thDay.java:191)
... Removed 27 stack frames]]>
    </failure>
  </testcase> <!-- testAddMedicationEvery10thDay -->
</testsuite> <!-- AddMedicationEvery10thDay -->
