<?xml version="1.0" encoding="UTF-8"?>
<!-- Generated by org.testng.reporters.JUnitXMLReporter -->
<testsuite hostname="user-PC" name="AddMedicationEvery14thDay" tests="1" failures="1" timestamp="11 Mar 2015 11:42:27 GMT" time="284.032" errors="0">
  <testcase name="testAddMedicationEvery14thDay" time="284.022" classname="com.iCM.scripts.AddMedicationEvery14thDay">
    <failure type="java.lang.AssertionError" message="expected [true] but found [false]">
      <![CDATA[java.lang.AssertionError: expected [true] but found [false]
	at com.iCM.pagehelper.EChartHelper.verifyBlackOutOtherDay(EChartHelper.java:354)
	at com.iCM.scripts.AddMedicationEvery14thDay.testAddMedicationEvery14thDay(AddMedicationEvery14thDay.java:294)
... Removed 28 stack frames]]>
    </failure>
  </testcase> <!-- testAddMedicationEvery14thDay -->
</testsuite> <!-- AddMedicationEvery14thDay -->
