<?xml version="1.0" encoding="UTF-8"?>
<!-- Generated by org.testng.reporters.JUnitXMLReporter -->
<testsuite hostname="user-PC" name="EMRAdminResidentPhysically" tests="1" failures="1" timestamp="11 Mar 2015 12:55:09 GMT" time="77.91" errors="0">
  <testcase name="testEMRAdminResidentHold" time="77.9" classname="com.iCM.scripts.EMRAdminResidentPhysically">
    <failure type="org.openqa.selenium.ElementNotVisibleException" message="Element is not currently visible and so may not be interacted with
Command duration or timeout: 40 milliseconds
Build info: version: &amp;apos;2.44.0&amp;apos;, revision: &amp;apos;76d78cf&amp;apos;, time: &amp;apos;2014-10-23 20:02:37&amp;apos;
System info: host: &amp;apos;user-PC&amp;apos;, ip: &amp;apos;192.168.21.1&amp;apos;, os.name: &amp;apos;Windows 7&amp;apos;, os.arch: &amp;apos;x86&amp;apos;, os.version: &amp;apos;6.1&amp;apos;, java.version: &amp;apos;1.8.0_20&amp;apos;
Driver info: org.openqa.selenium.firefox.FirefoxDriver
Capabilities [{applicationCacheEnabled=true, rotatable=false, handlesAlerts=true, databaseEnabled=true, version=29.0.1, platform=WINDOWS, browserConnectionEnabled=true, nativeEvents=false, acceptSslCerts=true, webStorageEnabled=true, locationContextEnabled=true, browserName=firefox, takesScreenshot=true, javascriptEnabled=true, cssSelectorsEnabled=true}]
Session ID: 36cfb0af-4d9b-48d4-bb94-835b123f8c2a">
      <![CDATA[org.openqa.selenium.ElementNotVisibleException: Element is not currently visible and so may not be interacted with
Command duration or timeout: 40 milliseconds
Build info: version: '2.44.0', revision: '76d78cf', time: '2014-10-23 20:02:37'
System info: host: 'user-PC', ip: '192.168.21.1', os.name: 'Windows 7', os.arch: 'x86', os.version: '6.1', java.version: '1.8.0_20'
Driver info: org.openqa.selenium.firefox.FirefoxDriver
Capabilities [{applicationCacheEnabled=true, rotatable=false, handlesAlerts=true, databaseEnabled=true, version=29.0.1, platform=WINDOWS, browserConnectionEnabled=true, nativeEvents=false, acceptSslCerts=true, webStorageEnabled=true, locationContextEnabled=true, browserName=firefox, takesScreenshot=true, javascriptEnabled=true, cssSelectorsEnabled=true}]
Session ID: 36cfb0af-4d9b-48d4-bb94-835b123f8c2a
	at org.openqa.selenium.remote.ErrorHandler.createThrowable(ErrorHandler.java:204)
	at org.openqa.selenium.remote.ErrorHandler.throwIfResponseFailed(ErrorHandler.java:156)
	at org.openqa.selenium.remote.RemoteWebDriver.execute(RemoteWebDriver.java:599)
	at org.openqa.selenium.remote.RemoteWebElement.execute(RemoteWebElement.java:268)
	at org.openqa.selenium.remote.RemoteWebElement.click(RemoteWebElement.java:79)
	at org.openqa.selenium.support.ui.Select.setSelected(Select.java:318)
	at org.openqa.selenium.support.ui.Select.selectByVisibleText(Select.java:116)
	at com.iCM.util.DriverHelper.selectDropDown(DriverHelper.java:274)
	at com.iCM.pagehelper.ResidentHelper.selectYear(ResidentHelper.java:49)
	at com.iCM.scripts.EMRAdminResidentPhysically.testEMRAdminResidentHold(EMRAdminResidentPhysically.java:92)
Caused by: org.openqa.selenium.ElementNotVisibleException: Element is not currently visible and so may not be interacted with
Build info: version: '2.44.0', revision: '76d78cf', time: '2014-10-23 20:02:37'
System info: host: 'user-PC', ip: '192.168.21.1', os.name: 'Windows 7', os.arch: 'x86', os.version: '6.1', java.version: '1.8.0_20'
Driver info: driver.version: unknown
	at <anonymous class>.fxdriver.preconditions.visible(file:///C:/Users/user/AppData/Local/Temp/anonymous5027073770488305659webdriver-profile/extensions/fxdriver@googlecode.com/components/command-processor.js:8959)
	at <anonymous class>.DelayedCommand.prototype.checkPreconditions_(file:///C:/Users/user/AppData/Local/Temp/anonymous5027073770488305659webdriver-profile/extensions/fxdriver@googlecode.com/components/command-processor.js:11618)
	at <anonymous class>.DelayedCommand.prototype.executeInternal_/h(file:///C:/Users/user/AppData/Local/Temp/anonymous5027073770488305659webdriver-profile/extensions/fxdriver@googlecode.com/components/command-processor.js:11635)
	at <anonymous class>.DelayedCommand.prototype.executeInternal_(file:///C:/Users/user/AppData/Local/Temp/anonymous5027073770488305659webdriver-profile/extensions/fxdriver@googlecode.com/components/command-processor.js:11640)
	at <anonymous class>.DelayedCommand.prototype.execute/<(file:///C:/Users/user/AppData/Local/Temp/anonymous5027073770488305659webdriver-profile/extensions/fxdriver@googlecode.com/components/command-processor.js:11582)
... Removed 28 stack frames]]>
    </failure>
  </testcase> <!-- testEMRAdminResidentHold -->
</testsuite> <!-- EMRAdminResidentPhysically -->
