<?xml version="1.0" encoding="UTF-8"?>
<!-- Generated by org.testng.reporters.JUnitXMLReporter -->
<testsuite hostname="user-PC" name="EMRAdminResidentPhysically" tests="1" failures="1" timestamp="14 Mar 2015 11:53:31 GMT" time="214.262" errors="0">
  <testcase name="testEMRAdminResidentHold" time="214.251" classname="com.iCM.scripts.EMRAdminResidentPhysically">
    <failure type="java.lang.AssertionError" message="Element Locator ://*[@id=&amp;apos;TimeTable&amp;apos;]/tbody/tr[1]/td[1] Not found expected [true] but found [false]">
      <![CDATA[java.lang.AssertionError: Element Locator ://*[@id='TimeTable']/tbody/tr[1]/td[1] Not found expected [true] but found [false]
	at com.iCM.util.DriverHelper.getText(DriverHelper.java:294)
	at com.iCM.pagehelper.EChartHelper.verifyItemText(EChartHelper.java:161)
	at com.iCM.scripts.EMRAdminResidentPhysically.testEMRAdminResidentHold(EMRAdminResidentPhysically.java:244)
... Removed 27 stack frames]]>
    </failure>
  </testcase> <!-- testEMRAdminResidentHold -->
</testsuite> <!-- EMRAdminResidentPhysically -->
