<?xml version="1.0" encoding="UTF-8"?>
<!-- Generated by org.testng.reporters.JUnitXMLReporter -->
<testsuite hostname="user-PC" name="EMRAdminLateReading" tests="1" failures="1" timestamp="11 Mar 2015 12:51:38 GMT" time="265.89" errors="0">
  <testcase name="testEMRAdminLateReading" time="265.88" classname="com.iCM.scripts.EMRAdminLateReading">
    <failure type="java.lang.AssertionError" message="expected [true] but found [false]">
      <![CDATA[java.lang.AssertionError: expected [true] but found [false]
	at com.iCM.pagehelper.EMRHelper.verifyCurrentDateTime(EMRHelper.java:124)
	at com.iCM.scripts.EMRAdminLateReading.testEMRAdminLateReading(EMRAdminLateReading.java:304)
... Removed 28 stack frames]]>
    </failure>
  </testcase> <!-- testEMRAdminLateReading -->
</testsuite> <!-- EMRAdminLateReading -->
