<?xml version="1.0" encoding="UTF-8"?>
<!-- Generated by org.testng.reporters.JUnitXMLReporter -->
<testsuite hostname="user-PC" name="EMRAdminLateReading" tests="1" failures="1" timestamp="14 Mar 2015 11:47:00 GMT" time="150.288" errors="0">
  <testcase name="testEMRAdminLateReading" time="150.278" classname="com.iCM.scripts.EMRAdminLateReading">
    <failure type="java.lang.AssertionError" message="Element Locator ://*[@id=&amp;apos;DataTables_Table_0_filter&amp;apos;]/label/input Not found expected [true] but found [false]">
      <![CDATA[java.lang.AssertionError: Element Locator ://*[@id='DataTables_Table_0_filter']/label/input Not found expected [true] but found [false]
	at com.iCM.util.DriverHelper.sendKeys(DriverHelper.java:254)
	at com.iCM.pagehelper.ResidentHelper.type(ResidentHelper.java:27)
	at com.iCM.scripts.EMRAdminLateReading.testEMRAdminLateReading(EMRAdminLateReading.java:161)
... Removed 27 stack frames]]>
    </failure>
  </testcase> <!-- testEMRAdminLateReading -->
</testsuite> <!-- EMRAdminLateReading -->
