<?xml version="1.0" encoding="UTF-8"?>
<!-- Generated by org.testng.reporters.JUnitXMLReporter -->
<testsuite hostname="user-PC" name="ViewEChartMedication" tests="1" failures="1" timestamp="25 Feb 2015 11:25:52 GMT" time="93.887" errors="0">
  <testcase name="testViewEChartMedication" time="93.869" classname="com.iCM.scripts.ViewEChartMedication">
    <failure type="java.lang.AssertionError" message="Element Locator :id=UserName Not found expected [true] but found [false]">
      <![CDATA[java.lang.AssertionError: Element Locator :id=UserName Not found expected [true] but found [false]
	at com.iCM.util.DriverHelper.sendKeys(DriverHelper.java:260)
	at com.iCM.pagehelper.LoginHelper.enterUserID(LoginHelper.java:30)
	at com.iCM.scripts.ViewEChartMedication.testViewEChartMedication(ViewEChartMedication.java:35)
... Removed 27 stack frames]]>
    </failure>
  </testcase> <!-- testViewEChartMedication -->
</testsuite> <!-- ViewEChartMedication -->
